<?xml version="1.0" encoding="UTF-8"?>
<!-- Generated by org.testng.reporters.JUnitReportReporter -->
<testsuite hostname="Aashi" failures="0" tests="1" name="com.maps.samplerestassured.OAuthTestTwo" time="3.400" errors="0" timestamp="2024-01-12T15:51:14 IST" skipped="0">
  <testcase classname="com.maps.samplerestassured.OAuthTestTwo" name="authentication" time="3.400"/>
  <system-out/>
</testsuite> <!-- com.maps.samplerestassured.OAuthTestTwo -->
