<?xml version="1.0" encoding="UTF-8"?>
<!-- Generated by org.testng.reporters.JUnitReportReporter -->
<testsuite hostname="Aashi" failures="0" tests="1" name="com.maps.samplerestassured.OAuthTestDeSerialization" time="0.107" errors="0" timestamp="2023-11-27T17:27:03 IST" skipped="0">
  <testcase classname="com.maps.samplerestassured.OAuthTestDeSerialization" name="authentication" time="0.107"/>
  <system-out/>
</testsuite> <!-- com.maps.samplerestassured.OAuthTestDeSerialization -->
