<?xml version="1.0" encoding="UTF-8"?>
<!-- Generated by org.testng.reporters.JUnitReportReporter -->
<testsuite hostname="Aashi" failures="0" tests="1" name="com.maps.samplerestassured.JiraTest" time="7.556" errors="0" timestamp="2024-01-10T16:24:54 IST" skipped="0">
  <testcase classname="com.maps.samplerestassured.JiraTest" name="addComment" time="7.556"/>
  <system-out/>
</testsuite> <!-- com.maps.samplerestassured.JiraTest -->
