<?xml version="1.0" encoding="UTF-8"?>
<!-- Generated by org.testng.reporters.JUnitReportReporter -->
<testsuite hostname="Aashi" failures="0" tests="1" name="com.maps.samplerestassured.PostRequestBodyFromJsonFile" time="3.537" errors="0" timestamp="2024-01-09T15:33:15 IST" skipped="0">
  <testcase classname="com.maps.samplerestassured.PostRequestBodyFromJsonFile" name="addPlace" time="3.537"/>
  <system-out/>
</testsuite> <!-- com.maps.samplerestassured.PostRequestBodyFromJsonFile -->
