<?xml version="1.0" encoding="UTF-8"?>
<!-- Generated by org.testng.reporters.JUnitReportReporter -->
<testsuite hostname="Aashi" failures="0" tests="1" name="com.maps.samplerestassured.OAuthTestSerialization" time="0.113" errors="0" timestamp="2023-11-27T17:21:16 IST" skipped="0">
  <testcase classname="com.maps.samplerestassured.OAuthTestSerialization" name="authentication" time="0.113"/>
  <system-out/>
</testsuite> <!-- com.maps.samplerestassured.OAuthTestSerialization -->
