<?xml version="1.0" encoding="UTF-8"?>
<!-- Generated by org.testng.reporters.JUnitReportReporter -->
<testsuite hostname="Aashi" failures="0" tests="1" name="basic.ExcelDrivenTest" time="5.401" errors="0" timestamp="2024-02-09T16:25:09 IST" skipped="0">
  <testcase classname="basic.ExcelDrivenTest" name="addBook" time="5.401"/>
  <system-out/>
</testsuite> <!-- basic.ExcelDrivenTest -->
